<?xml version="1.0" encoding="UTF-8"?>
<!-- Generated by org.testng.reporters.JUnitReportReporter -->
<testsuite skipped="0" hostname="DESKTOP-SIKMKLO" name="Com.Infomats.Mercury.Script.TestScript" tests="19" failures="0" timestamp="2021-04-20T10:13:18 IST" time="11.304" errors="0">
  <testcase name="validateRegister" time="1.328" classname="Com.Infomats.Mercury.Script.TestScript"/>
  <system-out/>
  <testcase name="validateFirstname" time="0.169" classname="Com.Infomats.Mercury.Script.TestScript"/>
  <system-out/>
  <testcase name="validateLastname" time="0.091" classname="Com.Infomats.Mercury.Script.TestScript"/>
  <system-out/>
  <testcase name="validatePhonenum" time="0.106" classname="Com.Infomats.Mercury.Script.TestScript"/>
  <system-out/>
  <testcase name="validateEmail" time="0.110" classname="Com.Infomats.Mercury.Script.TestScript"/>
  <system-out/>
  <testcase name="validateAdres" time="0.092" classname="Com.Infomats.Mercury.Script.TestScript"/>
  <system-out/>
  <testcase name="validateCity" time="0.085" classname="Com.Infomats.Mercury.Script.TestScript"/>
  <system-out/>
  <testcase name="validateState" time="0.082" classname="Com.Infomats.Mercury.Script.TestScript"/>
  <system-out/>
  <testcase name="validatePostalcode" time="0.071" classname="Com.Infomats.Mercury.Script.TestScript"/>
  <system-out/>
  <testcase name="validateCountry" time="0.080" classname="Com.Infomats.Mercury.Script.TestScript"/>
  <system-out/>
  <testcase name="validateUserName" time="0.097" classname="Com.Infomats.Mercury.Script.TestScript"/>
  <system-out/>
  <testcase name="validatePassword" time="0.101" classname="Com.Infomats.Mercury.Script.TestScript"/>
  <system-out/>
  <testcase name="validateConfirmpass" time="0.099" classname="Com.Infomats.Mercury.Script.TestScript"/>
  <system-out/>
  <testcase name="validateSubmit" time="2.915" classname="Com.Infomats.Mercury.Script.TestScript"/>
  <system-out/>
  <testcase name="validateSignOn" time="2.075" classname="Com.Infomats.Mercury.Script.TestScript"/>
  <system-out/>
  <testcase name="validateSiUser" time="0.082" classname="Com.Infomats.Mercury.Script.TestScript"/>
  <system-out/>
  <testcase name="validateSipas" time="0.074" classname="Com.Infomats.Mercury.Script.TestScript"/>
  <system-out/>
  <testcase name="validateSigsub" time="2.360" classname="Com.Infomats.Mercury.Script.TestScript"/>
  <system-out/>
  <testcase name="validateSignof" time="1.287" classname="Com.Infomats.Mercury.Script.TestScript"/>
  <system-out/>
</testsuite> <!-- Com.Infomats.Mercury.Script.TestScript -->
